
*** Running vivado
    with args -log top_entity.vds -m64 -product Vivado -mode batch -messageDb vivado.pb -notrace -source top_entity.tcl



****** Vivado v2022.2 (64-bit)
  **** SW Build 3671981 on Fri Oct 14 05:00:03 MDT 2022
  **** IP Build 3669848 on Fri Oct 14 08:30:02 MDT 2022
    ** Copyright 1986-2022 Xilinx, Inc. All Rights Reserved.

source top_entity.tcl -notrace
create_project: Time (s): cpu = 00:00:06 ; elapsed = 00:00:06 . Memory (MB): peak = 378.629 ; gain = 47.129
Command: read_checkpoint -auto_incremental -incremental D:/Vivado/trabajo/trabajo.srcs/utils_1/imports/synth_1/top_entity.dcp
INFO: [Vivado 12-5825] Read reference checkpoint from D:/Vivado/trabajo/trabajo.srcs/utils_1/imports/synth_1/top_entity.dcp for incremental synthesis
INFO: [Vivado 12-7989] Please ensure there are no constraint changes
Command: synth_design -top top_entity -part xc7a100tcsg324-1
Starting synth_design
Attempting to get a license for feature 'Synthesis' and/or device 'xc7a100t'
INFO: [Common 17-349] Got license for feature 'Synthesis' and/or device 'xc7a100t'
INFO: [Device 21-403] Loading part xc7a100tcsg324-1
INFO: [Designutils 20-5440] No compile time benefit to using incremental synthesis; A full resynthesis will be run
INFO: [Designutils 20-4379] Flow is switching to default flow due to incremental criteria not met. If you would like to alter this behaviour and have the flow terminate instead, please set the following parameter config_implementation {autoIncr.Synth.RejectBehavior Terminate}
INFO: [Synth 8-7079] Multithreading enabled for synth_design using a maximum of 2 processes.
INFO: [Synth 8-7078] Launching helper process for spawning children vivado processes
INFO: [Synth 8-7075] Helper process launched with PID 16840
INFO: [Synth 8-11241] undeclared symbol 'REGCCE', assumed default net type 'wire' [D:/Xilinx/Vivado/2022.2/data/verilog/src/unimacro/BRAM_SINGLE_MACRO.v:2170]
---------------------------------------------------------------------------------
Starting RTL Elaboration : Time (s): cpu = 00:00:06 ; elapsed = 00:00:06 . Memory (MB): peak = 1209.207 ; gain = 409.172
---------------------------------------------------------------------------------
INFO: [Synth 8-638] synthesizing module 'top_entity' [D:/Vivado/trabajo/trabajo.srcs/sources_1/new/top.vhd:36]
INFO: [Synth 8-3491] module 'SYNCHRNZR' declared at 'D:/Vivado/trabajo/trabajo.srcs/sources_1/imports/SED/synchrnzr.vhd:3' bound to instance 'B_SYNC' of component 'synchrnzr' [D:/Vivado/trabajo/trabajo.srcs/sources_1/new/top.vhd:151]
INFO: [Synth 8-638] synthesizing module 'SYNCHRNZR' [D:/Vivado/trabajo/trabajo.srcs/sources_1/imports/SED/synchrnzr.vhd:13]
INFO: [Synth 8-256] done synthesizing module 'SYNCHRNZR' (0#1) [D:/Vivado/trabajo/trabajo.srcs/sources_1/imports/SED/synchrnzr.vhd:13]
INFO: [Synth 8-3491] module 'SYNCHRNZR' declared at 'D:/Vivado/trabajo/trabajo.srcs/sources_1/imports/SED/synchrnzr.vhd:3' bound to instance 'B_SYNC' of component 'synchrnzr' [D:/Vivado/trabajo/trabajo.srcs/sources_1/new/top.vhd:151]
INFO: [Synth 8-3491] module 'SYNCHRNZR' declared at 'D:/Vivado/trabajo/trabajo.srcs/sources_1/imports/SED/synchrnzr.vhd:3' bound to instance 'B_SYNC' of component 'synchrnzr' [D:/Vivado/trabajo/trabajo.srcs/sources_1/new/top.vhd:151]
INFO: [Synth 8-3491] module 'SYNCHRNZR' declared at 'D:/Vivado/trabajo/trabajo.srcs/sources_1/imports/SED/synchrnzr.vhd:3' bound to instance 'B_SYNC' of component 'synchrnzr' [D:/Vivado/trabajo/trabajo.srcs/sources_1/new/top.vhd:151]
INFO: [Synth 8-3491] module 'SYNCHRNZR' declared at 'D:/Vivado/trabajo/trabajo.srcs/sources_1/imports/SED/synchrnzr.vhd:3' bound to instance 'B_SYNC' of component 'synchrnzr' [D:/Vivado/trabajo/trabajo.srcs/sources_1/new/top.vhd:151]
INFO: [Synth 8-3491] module 'EDGEDTCTR' declared at 'D:/Vivado/trabajo/trabajo.srcs/sources_1/imports/SED/edgedtctr.vhd:3' bound to instance 'B_DF' of component 'edgedtctr' [D:/Vivado/trabajo/trabajo.srcs/sources_1/new/top.vhd:164]
INFO: [Synth 8-638] synthesizing module 'EDGEDTCTR' [D:/Vivado/trabajo/trabajo.srcs/sources_1/imports/SED/edgedtctr.vhd:13]
WARNING: [Synth 8-614] signal 'SELEC' is read in the process but is not in the sensitivity list [D:/Vivado/trabajo/trabajo.srcs/sources_1/imports/SED/edgedtctr.vhd:16]
WARNING: [Synth 8-614] signal 'sreg' is read in the process but is not in the sensitivity list [D:/Vivado/trabajo/trabajo.srcs/sources_1/imports/SED/edgedtctr.vhd:16]
INFO: [Synth 8-256] done synthesizing module 'EDGEDTCTR' (0#1) [D:/Vivado/trabajo/trabajo.srcs/sources_1/imports/SED/edgedtctr.vhd:13]
INFO: [Synth 8-3491] module 'EDGEDTCTR' declared at 'D:/Vivado/trabajo/trabajo.srcs/sources_1/imports/SED/edgedtctr.vhd:3' bound to instance 'B_DF' of component 'edgedtctr' [D:/Vivado/trabajo/trabajo.srcs/sources_1/new/top.vhd:164]
INFO: [Synth 8-3491] module 'EDGEDTCTR' declared at 'D:/Vivado/trabajo/trabajo.srcs/sources_1/imports/SED/edgedtctr.vhd:3' bound to instance 'B_DF' of component 'edgedtctr' [D:/Vivado/trabajo/trabajo.srcs/sources_1/new/top.vhd:164]
INFO: [Synth 8-3491] module 'EDGEDTCTR' declared at 'D:/Vivado/trabajo/trabajo.srcs/sources_1/imports/SED/edgedtctr.vhd:3' bound to instance 'B_DF' of component 'edgedtctr' [D:/Vivado/trabajo/trabajo.srcs/sources_1/new/top.vhd:164]
INFO: [Synth 8-3491] module 'EDGEDTCTR' declared at 'D:/Vivado/trabajo/trabajo.srcs/sources_1/imports/SED/edgedtctr.vhd:3' bound to instance 'B_DF' of component 'edgedtctr' [D:/Vivado/trabajo/trabajo.srcs/sources_1/new/top.vhd:164]
INFO: [Synth 8-3491] module 'SYNCHRNZR' declared at 'D:/Vivado/trabajo/trabajo.srcs/sources_1/imports/SED/synchrnzr.vhd:3' bound to instance 'SW_SYNC_1' of component 'synchrnzr' [D:/Vivado/trabajo/trabajo.srcs/sources_1/new/top.vhd:176]
INFO: [Synth 8-3491] module 'SYNCHRNZR' declared at 'D:/Vivado/trabajo/trabajo.srcs/sources_1/imports/SED/synchrnzr.vhd:3' bound to instance 'SW_SYNC_2' of component 'synchrnzr' [D:/Vivado/trabajo/trabajo.srcs/sources_1/new/top.vhd:185]
INFO: [Synth 8-3491] module 'EDGEDTCTR' declared at 'D:/Vivado/trabajo/trabajo.srcs/sources_1/imports/SED/edgedtctr.vhd:3' bound to instance 'DF_SW_1' of component 'edgedtctr' [D:/Vivado/trabajo/trabajo.srcs/sources_1/new/top.vhd:194]
INFO: [Synth 8-3491] module 'EDGEDTCTR' declared at 'D:/Vivado/trabajo/trabajo.srcs/sources_1/imports/SED/edgedtctr.vhd:3' bound to instance 'DF_SW_2' of component 'edgedtctr' [D:/Vivado/trabajo/trabajo.srcs/sources_1/new/top.vhd:204]
INFO: [Synth 8-3491] module 'EDGEDTCTR' declared at 'D:/Vivado/trabajo/trabajo.srcs/sources_1/imports/SED/edgedtctr.vhd:3' bound to instance 'DFB_SW_1' of component 'edgedtctr' [D:/Vivado/trabajo/trabajo.srcs/sources_1/new/top.vhd:214]
WARNING: [Synth 8-5640] Port 'rst' is missing in component declaration [D:/Vivado/trabajo/trabajo.srcs/sources_1/new/top.vhd:65]
WARNING: [Synth 8-5640] Port 'introducida' is missing in component declaration [D:/Vivado/trabajo/trabajo.srcs/sources_1/new/top.vhd:65]
INFO: [Synth 8-3491] module 'formador_palabra' declared at 'D:/Vivado/trabajo/trabajo.srcs/sources_1/new/formadorpalabra.vhd:27' bound to instance 'FORMADOR_DE_PALABRA' of component 'formador_palabra' [D:/Vivado/trabajo/trabajo.srcs/sources_1/new/top.vhd:224]
INFO: [Synth 8-638] synthesizing module 'formador_palabra' [D:/Vivado/trabajo/trabajo.srcs/sources_1/new/formadorpalabra.vhd:39]
INFO: [Synth 8-256] done synthesizing module 'formador_palabra' (0#1) [D:/Vivado/trabajo/trabajo.srcs/sources_1/new/formadorpalabra.vhd:39]
INFO: [Synth 8-3491] module 'comprobador_palabra' declared at 'D:/Vivado/trabajo/trabajo.srcs/sources_1/imports/SED/comprobadorpalabra.vhd:34' bound to instance 'COMPROBADOR_DE_PALABRA' of component 'comprobador_palabra' [D:/Vivado/trabajo/trabajo.srcs/sources_1/new/top.vhd:234]
INFO: [Synth 8-638] synthesizing module 'comprobador_palabra' [D:/Vivado/trabajo/trabajo.srcs/sources_1/imports/SED/comprobadorpalabra.vhd:45]
WARNING: [Synth 8-614] signal 'PALABRA' is read in the process but is not in the sensitivity list [D:/Vivado/trabajo/trabajo.srcs/sources_1/imports/SED/comprobadorpalabra.vhd:47]
INFO: [Synth 8-256] done synthesizing module 'comprobador_palabra' (0#1) [D:/Vivado/trabajo/trabajo.srcs/sources_1/imports/SED/comprobadorpalabra.vhd:45]
INFO: [Synth 8-3491] module 'fsm' declared at 'D:/Vivado/trabajo/trabajo.srcs/sources_1/imports/SED/fsm.vhd:34' bound to instance 'MAQUINA_ESTADOS' of component 'fsm' [D:/Vivado/trabajo/trabajo.srcs/sources_1/new/top.vhd:245]
INFO: [Synth 8-638] synthesizing module 'fsm' [D:/Vivado/trabajo/trabajo.srcs/sources_1/imports/SED/fsm.vhd:48]
INFO: [Synth 8-226] default block is never used [D:/Vivado/trabajo/trabajo.srcs/sources_1/imports/SED/fsm.vhd:65]
INFO: [Synth 8-226] default block is never used [D:/Vivado/trabajo/trabajo.srcs/sources_1/imports/SED/fsm.vhd:91]
INFO: [Synth 8-256] done synthesizing module 'fsm' (0#1) [D:/Vivado/trabajo/trabajo.srcs/sources_1/imports/SED/fsm.vhd:48]
INFO: [Synth 8-3491] module 'luces' declared at 'D:/Vivado/trabajo/trabajo.srcs/sources_1/imports/SED/luces.vhd:4' bound to instance 'COMPONENTE_LUCES' of component 'luces' [D:/Vivado/trabajo/trabajo.srcs/sources_1/new/top.vhd:259]
INFO: [Synth 8-638] synthesizing module 'luces' [D:/Vivado/trabajo/trabajo.srcs/sources_1/imports/SED/luces.vhd:16]
INFO: [Synth 8-256] done synthesizing module 'luces' (0#1) [D:/Vivado/trabajo/trabajo.srcs/sources_1/imports/SED/luces.vhd:16]
INFO: [Synth 8-256] done synthesizing module 'top_entity' (0#1) [D:/Vivado/trabajo/trabajo.srcs/sources_1/new/top.vhd:36]
WARNING: [Synth 8-7129] Port CLK in module comprobador_palabra is either unconnected or has no load
---------------------------------------------------------------------------------
Finished RTL Elaboration : Time (s): cpu = 00:00:09 ; elapsed = 00:00:09 . Memory (MB): peak = 1300.598 ; gain = 500.562
---------------------------------------------------------------------------------
---------------------------------------------------------------------------------
Start Handling Custom Attributes
---------------------------------------------------------------------------------
---------------------------------------------------------------------------------
Finished Handling Custom Attributes : Time (s): cpu = 00:00:09 ; elapsed = 00:00:09 . Memory (MB): peak = 1300.598 ; gain = 500.562
---------------------------------------------------------------------------------
---------------------------------------------------------------------------------
Finished RTL Optimization Phase 1 : Time (s): cpu = 00:00:09 ; elapsed = 00:00:09 . Memory (MB): peak = 1300.598 ; gain = 500.562
---------------------------------------------------------------------------------
Netlist sorting complete. Time (s): cpu = 00:00:00 ; elapsed = 00:00:00.004 . Memory (MB): peak = 1300.598 ; gain = 0.000
INFO: [Project 1-570] Preparing netlist for logic optimization

Processing XDC Constraints
Initializing timing engine
Parsing XDC File [D:/Vivado/digilent-xdc-master/Nexys-4-DDR-Master.xdc]
Finished Parsing XDC File [D:/Vivado/digilent-xdc-master/Nexys-4-DDR-Master.xdc]
INFO: [Project 1-236] Implementation specific constraints were found while reading constraint file [D:/Vivado/digilent-xdc-master/Nexys-4-DDR-Master.xdc]. These constraints will be ignored for synthesis but will be used in implementation. Impacted constraints are listed in the file [.Xil/top_entity_propImpl.xdc].
Resolution: To avoid this warning, move constraints listed in [.Xil/top_entity_propImpl.xdc] to another XDC file and exclude this new file from synthesis with the used_in_synthesis property (File Properties dialog in GUI) and re-run elaboration/synthesis.
Completed Processing XDC Constraints

Netlist sorting complete. Time (s): cpu = 00:00:00 ; elapsed = 00:00:00.001 . Memory (MB): peak = 1403.895 ; gain = 0.000
INFO: [Project 1-111] Unisim Transformation Summary:
No Unisim elements were transformed.

Constraint Validation Runtime : Time (s): cpu = 00:00:00 ; elapsed = 00:00:00.003 . Memory (MB): peak = 1403.895 ; gain = 0.000
INFO: [Designutils 20-5440] No compile time benefit to using incremental synthesis; A full resynthesis will be run
INFO: [Designutils 20-4379] Flow is switching to default flow due to incremental criteria not met. If you would like to alter this behaviour and have the flow terminate instead, please set the following parameter config_implementation {autoIncr.Synth.RejectBehavior Terminate}
INFO: [Synth 8-11241] undeclared symbol 'REGCCE', assumed default net type 'wire' [D:/Xilinx/Vivado/2022.2/data/verilog/src/unimacro/BRAM_SINGLE_MACRO.v:2170]
---------------------------------------------------------------------------------
Finished Constraint Validation : Time (s): cpu = 00:00:17 ; elapsed = 00:00:18 . Memory (MB): peak = 1403.895 ; gain = 603.859
---------------------------------------------------------------------------------
---------------------------------------------------------------------------------
Start Loading Part and Timing Information
---------------------------------------------------------------------------------
Loading part: xc7a100tcsg324-1
---------------------------------------------------------------------------------
Finished Loading Part and Timing Information : Time (s): cpu = 00:00:17 ; elapsed = 00:00:18 . Memory (MB): peak = 1403.895 ; gain = 603.859
---------------------------------------------------------------------------------
---------------------------------------------------------------------------------
Start Applying 'set_property' XDC Constraints
---------------------------------------------------------------------------------
---------------------------------------------------------------------------------
Finished applying 'set_property' XDC Constraints : Time (s): cpu = 00:00:17 ; elapsed = 00:00:18 . Memory (MB): peak = 1403.895 ; gain = 603.859
---------------------------------------------------------------------------------
INFO: [Synth 8-802] inferred FSM for state register 'current_state_reg' in module 'formador_palabra'
INFO: [Synth 8-802] inferred FSM for state register 'current_state_reg' in module 'fsm'
WARNING: [Synth 8-327] inferring latch for variable 'INTRODUCIDA_reg' [D:/Vivado/trabajo/trabajo.srcs/sources_1/new/formadorpalabra.vhd:224]
---------------------------------------------------------------------------------------------------
                   State |                     New Encoding |                Previous Encoding 
---------------------------------------------------------------------------------------------------
                      s0 |                            00000 |                            00000
                      s1 |                            00001 |                            00001
                      s2 |                            00010 |                            00010
                      s3 |                            00011 |                            00011
                      s4 |                            00100 |                            00100
                      s5 |                            00101 |                            00101
                      s6 |                            00110 |                            00110
                      s7 |                            00111 |                            00111
                      s8 |                            01000 |                            01000
                      s9 |                            01001 |                            01001
                     s10 |                            01010 |                            01010
                     s11 |                            01011 |                            01011
                     s12 |                            01100 |                            01100
                     s13 |                            01101 |                            01101
                     s14 |                            01110 |                            01110
                     s15 |                            01111 |                            01111
                     s16 |                            10000 |                            10000
                     s17 |                            10001 |                            10001
                     s18 |                            10010 |                            10010
                     s19 |                            10011 |                            10011
                     s20 |                            10100 |                            10100
                     s21 |                            10101 |                            10101
---------------------------------------------------------------------------------------------------
INFO: [Synth 8-3354] encoded FSM with state register 'current_state_reg' using encoding 'sequential' in module 'formador_palabra'
WARNING: [Synth 8-327] inferring latch for variable 'output_decod.auxiliar_reg' [D:/Vivado/trabajo/trabajo.srcs/sources_1/new/formadorpalabra.vhd:152]
WARNING: [Synth 8-327] inferring latch for variable 'LED_PALABRA_reg' [D:/Vivado/trabajo/trabajo.srcs/sources_1/new/formadorpalabra.vhd:153]
WARNING: [Synth 8-327] inferring latch for variable 'LEDS_reg' [D:/Vivado/trabajo/trabajo.srcs/sources_1/imports/SED/comprobadorpalabra.vhd:53]
WARNING: [Synth 8-327] inferring latch for variable 'CORRECT_reg' [D:/Vivado/trabajo/trabajo.srcs/sources_1/imports/SED/comprobadorpalabra.vhd:52]
WARNING: [Synth 8-327] inferring latch for variable 'comparador.password_reg' [D:/Vivado/trabajo/trabajo.srcs/sources_1/imports/SED/comprobadorpalabra.vhd:51]
---------------------------------------------------------------------------------------------------
                   State |                     New Encoding |                Previous Encoding 
---------------------------------------------------------------------------------------------------
                      s0 |                               00 |                               00
                      s1 |                               01 |                               01
                      s2 |                               10 |                               10
                      s3 |                               11 |                               11
---------------------------------------------------------------------------------------------------
INFO: [Synth 8-3354] encoded FSM with state register 'current_state_reg' using encoding 'sequential' in module 'fsm'
---------------------------------------------------------------------------------
Finished RTL Optimization Phase 2 : Time (s): cpu = 00:00:18 ; elapsed = 00:00:18 . Memory (MB): peak = 1403.895 ; gain = 603.859
---------------------------------------------------------------------------------
---------------------------------------------------------------------------------
Start RTL Component Statistics 
---------------------------------------------------------------------------------
Detailed RTL Component Info : 
+---Registers : 
	               16 Bit    Registers := 1     
	                3 Bit    Registers := 9     
	                2 Bit    Registers := 7     
	                1 Bit    Registers := 7     
+---Muxes : 
	   2 Input   16 Bit        Muxes := 1     
	  19 Input    8 Bit        Muxes := 2     
	   2 Input    8 Bit        Muxes := 1     
	  22 Input    5 Bit        Muxes := 1     
	   2 Input    5 Bit        Muxes := 12    
	  19 Input    4 Bit        Muxes := 1     
	   2 Input    3 Bit        Muxes := 18    
	   3 Input    3 Bit        Muxes := 1     
	   2 Input    2 Bit        Muxes := 3     
	   4 Input    2 Bit        Muxes := 1     
	   4 Input    1 Bit        Muxes := 12    
	   2 Input    1 Bit        Muxes := 10    
	  22 Input    1 Bit        Muxes := 1     
	  19 Input    1 Bit        Muxes := 2     
---------------------------------------------------------------------------------
Finished RTL Component Statistics 
---------------------------------------------------------------------------------
---------------------------------------------------------------------------------
Start Part Resource Summary
---------------------------------------------------------------------------------
Part Resources:
DSPs: 240 (col length:80)
BRAMs: 270 (col length: RAMB18 80 RAMB36 40)
---------------------------------------------------------------------------------
Finished Part Resource Summary
---------------------------------------------------------------------------------
---------------------------------------------------------------------------------
Start Cross Boundary and Area Optimization
---------------------------------------------------------------------------------
WARNING: [Synth 8-7080] Parallel synthesis criteria is not met
WARNING: [Synth 8-3332] Sequential element (FORMADOR_DE_PALABRA/INTRODUCIDA_reg) is unused and will be removed from module top_entity.
WARNING: [Synth 8-3332] Sequential element (FORMADOR_DE_PALABRA/FSM_sequential_current_state_reg[4]) is unused and will be removed from module top_entity.
WARNING: [Synth 8-3332] Sequential element (FORMADOR_DE_PALABRA/FSM_sequential_current_state_reg[3]) is unused and will be removed from module top_entity.
WARNING: [Synth 8-3332] Sequential element (FORMADOR_DE_PALABRA/FSM_sequential_current_state_reg[2]) is unused and will be removed from module top_entity.
WARNING: [Synth 8-3332] Sequential element (FORMADOR_DE_PALABRA/FSM_sequential_current_state_reg[1]) is unused and will be removed from module top_entity.
WARNING: [Synth 8-3332] Sequential element (FORMADOR_DE_PALABRA/FSM_sequential_current_state_reg[0]) is unused and will be removed from module top_entity.
WARNING: [Synth 8-3332] Sequential element (FORMADOR_DE_PALABRA/output_decod.auxiliar_reg[7]) is unused and will be removed from module top_entity.
WARNING: [Synth 8-3332] Sequential element (FORMADOR_DE_PALABRA/output_decod.auxiliar_reg[6]) is unused and will be removed from module top_entity.
WARNING: [Synth 8-3332] Sequential element (FORMADOR_DE_PALABRA/output_decod.auxiliar_reg[5]) is unused and will be removed from module top_entity.
WARNING: [Synth 8-3332] Sequential element (FORMADOR_DE_PALABRA/output_decod.auxiliar_reg[4]) is unused and will be removed from module top_entity.
WARNING: [Synth 8-3332] Sequential element (FORMADOR_DE_PALABRA/output_decod.auxiliar_reg[3]) is unused and will be removed from module top_entity.
WARNING: [Synth 8-3332] Sequential element (FORMADOR_DE_PALABRA/output_decod.auxiliar_reg[2]) is unused and will be removed from module top_entity.
WARNING: [Synth 8-3332] Sequential element (FORMADOR_DE_PALABRA/output_decod.auxiliar_reg[1]) is unused and will be removed from module top_entity.
WARNING: [Synth 8-3332] Sequential element (FORMADOR_DE_PALABRA/output_decod.auxiliar_reg[0]) is unused and will be removed from module top_entity.
WARNING: [Synth 8-3332] Sequential element (FORMADOR_DE_PALABRA/LED_PALABRA_reg[3]) is unused and will be removed from module top_entity.
WARNING: [Synth 8-3332] Sequential element (FORMADOR_DE_PALABRA/LED_PALABRA_reg[2]) is unused and will be removed from module top_entity.
WARNING: [Synth 8-3332] Sequential element (FORMADOR_DE_PALABRA/LED_PALABRA_reg[1]) is unused and will be removed from module top_entity.
WARNING: [Synth 8-3332] Sequential element (FORMADOR_DE_PALABRA/LED_PALABRA_reg[0]) is unused and will be removed from module top_entity.
---------------------------------------------------------------------------------
Finished Cross Boundary and Area Optimization : Time (s): cpu = 00:00:20 ; elapsed = 00:00:21 . Memory (MB): peak = 1403.895 ; gain = 603.859
---------------------------------------------------------------------------------
---------------------------------------------------------------------------------
Start ROM, RAM, DSP, Shift Register and Retiming Reporting
---------------------------------------------------------------------------------

ROM: Preliminary Mapping Report
+------------+------------------------------+---------------+----------------+
|Module Name | RTL Object                   | Depth x Width | Implemented As | 
+------------+------------------------------+---------------+----------------+
|top_entity  | FORMADOR_DE_PALABRA/auxiliar | 32x8          | LUT            | 
+------------+------------------------------+---------------+----------------+

---------------------------------------------------------------------------------
Finished ROM, RAM, DSP, Shift Register and Retiming Reporting
---------------------------------------------------------------------------------
---------------------------------------------------------------------------------
Start Applying XDC Timing Constraints
---------------------------------------------------------------------------------
---------------------------------------------------------------------------------
Finished Applying XDC Timing Constraints : Time (s): cpu = 00:00:27 ; elapsed = 00:00:27 . Memory (MB): peak = 1403.895 ; gain = 603.859
---------------------------------------------------------------------------------
---------------------------------------------------------------------------------
Start Timing Optimization
---------------------------------------------------------------------------------
---------------------------------------------------------------------------------
Finished Timing Optimization : Time (s): cpu = 00:00:27 ; elapsed = 00:00:27 . Memory (MB): peak = 1403.895 ; gain = 603.859
---------------------------------------------------------------------------------
---------------------------------------------------------------------------------
Start Technology Mapping
---------------------------------------------------------------------------------
---------------------------------------------------------------------------------
Finished Technology Mapping : Time (s): cpu = 00:00:27 ; elapsed = 00:00:27 . Memory (MB): peak = 1403.895 ; gain = 603.859
---------------------------------------------------------------------------------
---------------------------------------------------------------------------------
Start IO Insertion
---------------------------------------------------------------------------------
---------------------------------------------------------------------------------
Start Flattening Before IO Insertion
---------------------------------------------------------------------------------
---------------------------------------------------------------------------------
Finished Flattening Before IO Insertion
---------------------------------------------------------------------------------
---------------------------------------------------------------------------------
Start Final Netlist Cleanup
---------------------------------------------------------------------------------
---------------------------------------------------------------------------------
Finished Final Netlist Cleanup
---------------------------------------------------------------------------------
---------------------------------------------------------------------------------
Finished IO Insertion : Time (s): cpu = 00:00:32 ; elapsed = 00:00:32 . Memory (MB): peak = 1403.895 ; gain = 603.859
---------------------------------------------------------------------------------
---------------------------------------------------------------------------------
Start Renaming Generated Instances
---------------------------------------------------------------------------------
---------------------------------------------------------------------------------
Finished Renaming Generated Instances : Time (s): cpu = 00:00:32 ; elapsed = 00:00:32 . Memory (MB): peak = 1403.895 ; gain = 603.859
---------------------------------------------------------------------------------
---------------------------------------------------------------------------------
Start Rebuilding User Hierarchy
---------------------------------------------------------------------------------
---------------------------------------------------------------------------------
Finished Rebuilding User Hierarchy : Time (s): cpu = 00:00:32 ; elapsed = 00:00:32 . Memory (MB): peak = 1403.895 ; gain = 603.859
---------------------------------------------------------------------------------
---------------------------------------------------------------------------------
Start Renaming Generated Ports
---------------------------------------------------------------------------------
---------------------------------------------------------------------------------
Finished Renaming Generated Ports : Time (s): cpu = 00:00:32 ; elapsed = 00:00:32 . Memory (MB): peak = 1403.895 ; gain = 603.859
---------------------------------------------------------------------------------
---------------------------------------------------------------------------------
Start Handling Custom Attributes
---------------------------------------------------------------------------------
---------------------------------------------------------------------------------
Finished Handling Custom Attributes : Time (s): cpu = 00:00:32 ; elapsed = 00:00:32 . Memory (MB): peak = 1403.895 ; gain = 603.859
---------------------------------------------------------------------------------
---------------------------------------------------------------------------------
Start Renaming Generated Nets
---------------------------------------------------------------------------------
---------------------------------------------------------------------------------
Finished Renaming Generated Nets : Time (s): cpu = 00:00:32 ; elapsed = 00:00:32 . Memory (MB): peak = 1403.895 ; gain = 603.859
---------------------------------------------------------------------------------
---------------------------------------------------------------------------------
Start Writing Synthesis Report
---------------------------------------------------------------------------------

Report BlackBoxes: 
+-+--------------+----------+
| |BlackBox name |Instances |
+-+--------------+----------+
+-+--------------+----------+

Report Cell Usage: 
+------+-----+------+
|      |Cell |Count |
+------+-----+------+
|1     |BUFG |     1|
|2     |LUT1 |     1|
|3     |LUT2 |     5|
|4     |LUT3 |    10|
|5     |LUT4 |    14|
|6     |LUT5 |     4|
|7     |LUT6 |     1|
|8     |FDCE |    15|
|9     |FDPE |     6|
|10    |FDRE |     4|
|11    |FDSE |     1|
|12    |LD   |     1|
|13    |LDC  |     7|
|14    |LDP  |     1|
|15    |IBUF |     4|
|16    |OBUF |    19|
+------+-----+------+
---------------------------------------------------------------------------------
Finished Writing Synthesis Report : Time (s): cpu = 00:00:32 ; elapsed = 00:00:32 . Memory (MB): peak = 1403.895 ; gain = 603.859
---------------------------------------------------------------------------------
Synthesis finished with 0 errors, 0 critical warnings and 25 warnings.
Synthesis Optimization Runtime : Time (s): cpu = 00:00:21 ; elapsed = 00:00:30 . Memory (MB): peak = 1403.895 ; gain = 500.562
Synthesis Optimization Complete : Time (s): cpu = 00:00:32 ; elapsed = 00:00:32 . Memory (MB): peak = 1403.895 ; gain = 603.859
INFO: [Project 1-571] Translating synthesized netlist
Netlist sorting complete. Time (s): cpu = 00:00:00 ; elapsed = 00:00:00.001 . Memory (MB): peak = 1403.895 ; gain = 0.000
INFO: [Netlist 29-17] Analyzing 9 Unisim elements for replacement
INFO: [Netlist 29-28] Unisim Transformation completed in 0 CPU seconds
INFO: [Project 1-570] Preparing netlist for logic optimization
INFO: [Opt 31-138] Pushed 0 inverter(s) to 0 load pin(s).
Netlist sorting complete. Time (s): cpu = 00:00:00 ; elapsed = 00:00:00 . Memory (MB): peak = 1403.895 ; gain = 0.000
INFO: [Project 1-111] Unisim Transformation Summary:
  A total of 9 instances were transformed.
  LD => LDCE: 1 instance 
  LDC => LDCE: 7 instances
  LDP => LDPE: 1 instance 

Synth Design complete, checksum: f269f1c8
INFO: [Common 17-83] Releasing license: Synthesis
62 Infos, 31 Warnings, 0 Critical Warnings and 0 Errors encountered.
synth_design completed successfully
synth_design: Time (s): cpu = 00:00:37 ; elapsed = 00:00:38 . Memory (MB): peak = 1403.895 ; gain = 998.605
INFO: [Common 17-1381] The checkpoint 'D:/Vivado/trabajo/trabajo.runs/synth_1/top_entity.dcp' has been generated.
INFO: [runtcl-4] Executing : report_utilization -file top_entity_utilization_synth.rpt -pb top_entity_utilization_synth.pb
INFO: [Common 17-206] Exiting Vivado at Mon Dec 26 20:51:43 2022...
