Copyright 1986-2022 Xilinx, Inc. All Rights Reserved.
----------------------------------------------------------------------------------------------------------------------------------------------------
| Tool Version     : Vivado v.2022.2 (win64) Build 3671981 Fri Oct 14 05:00:03 MDT 2022
| Date             : Mon Jan  9 23:26:14 2023
| Host             : DESKTOP-075L5C7 running 64-bit major release  (build 9200)
| Command          : report_power -file top_entity_power_routed.rpt -pb top_entity_power_summary_routed.pb -rpx top_entity_power_routed.rpx
| Design           : top_entity
| Device           : xc7a100tcsg324-1
| Design State     : routed
| Grade            : commercial
| Process          : typical
| Characterization : Production
----------------------------------------------------------------------------------------------------------------------------------------------------

Power Report

Table of Contents
-----------------
1. Summary
1.1 On-Chip Components
1.2 Power Supply Summary
1.3 Confidence Level
2. Settings
2.1 Environment
2.2 Clock Constraints
3. Detailed Reports
3.1 By Hierarchy

1. Summary
----------

+--------------------------+----------------------------------+
| Total On-Chip Power (W)  | 14.838 (Junction temp exceeded!) |
| Design Power Budget (W)  | Unspecified*                     |
| Power Budget Margin (W)  | NA                               |
| Dynamic (W)              | 14.505                           |
| Device Static (W)        | 0.333                            |
| Effective TJA (C/W)      | 4.6                              |
| Max Ambient (C)          | 17.3                             |
| Junction Temperature (C) | 92.7                             |
| Confidence Level         | Low                              |
| Setting File             | ---                              |
| Simulation Activity File | ---                              |
| Design Nets Matched      | NA                               |
+--------------------------+----------------------------------+
* Specify Design Power Budget using, set_operating_conditions -design_power_budget <value in Watts>


1.1 On-Chip Components
----------------------

+----------------+-----------+----------+-----------+-----------------+
| On-Chip        | Power (W) | Used     | Available | Utilization (%) |
+----------------+-----------+----------+-----------+-----------------+
| Slice Logic    |     0.177 |      292 |       --- |             --- |
|   LUT as Logic |     0.132 |       60 |     63400 |            0.09 |
|   Register     |     0.040 |      179 |    126800 |            0.14 |
|   BUFG         |     0.006 |        1 |        32 |            3.13 |
|   Others       |     0.000 |       37 |       --- |             --- |
| Signals        |     0.389 |      241 |       --- |             --- |
| I/O            |    13.939 |       28 |       210 |           13.33 |
| Static Power   |     0.333 |          |           |                 |
| Total          |    14.838 |          |           |                 |
+----------------+-----------+----------+-----------+-----------------+


1.2 Power Supply Summary
------------------------

+-----------+-------------+-----------+-------------+------------+-------------+-------------+------------+
| Source    | Voltage (V) | Total (A) | Dynamic (A) | Static (A) | Powerup (A) | Budget (A)  | Margin (A) |
+-----------+-------------+-----------+-------------+------------+-------------+-------------+------------+
| Vccint    |       1.000 |     0.800 |       0.598 |      0.202 |       NA    | Unspecified | NA         |
| Vccaux    |       1.800 |     0.552 |       0.510 |      0.043 |       NA    | Unspecified | NA         |
| Vcco33    |       3.300 |     3.940 |       3.936 |      0.004 |       NA    | Unspecified | NA         |
| Vcco25    |       2.500 |     0.000 |       0.000 |      0.000 |       NA    | Unspecified | NA         |
| Vcco18    |       1.800 |     0.000 |       0.000 |      0.000 |       NA    | Unspecified | NA         |
| Vcco15    |       1.500 |     0.000 |       0.000 |      0.000 |       NA    | Unspecified | NA         |
| Vcco135   |       1.350 |     0.000 |       0.000 |      0.000 |       NA    | Unspecified | NA         |
| Vcco12    |       1.200 |     0.000 |       0.000 |      0.000 |       NA    | Unspecified | NA         |
| Vccaux_io |       1.800 |     0.000 |       0.000 |      0.000 |       NA    | Unspecified | NA         |
| Vccbram   |       1.000 |     0.006 |       0.000 |      0.006 |       NA    | Unspecified | NA         |
| MGTAVcc   |       1.000 |     0.000 |       0.000 |      0.000 |       NA    | Unspecified | NA         |
| MGTAVtt   |       1.200 |     0.000 |       0.000 |      0.000 |       NA    | Unspecified | NA         |
| Vccadc    |       1.800 |     0.020 |       0.000 |      0.020 |       NA    | Unspecified | NA         |
+-----------+-------------+-----------+-------------+------------+-------------+-------------+------------+


1.3 Confidence Level
--------------------

+-----------------------------+------------+--------------------------------------------------------+--------------------------------------------------------------------------------------------------------------------+
| User Input Data             | Confidence | Details                                                | Action                                                                                                             |
+-----------------------------+------------+--------------------------------------------------------+--------------------------------------------------------------------------------------------------------------------+
| Design implementation state | High       | Design is routed                                       |                                                                                                                    |
| Clock nodes activity        | Low        | User specified less than 75% of clocks                 | Provide missing clock activity with a constraint file, simulation results or by editing the "By Clock Domain" view |
| I/O nodes activity          | Low        | More than 75% of inputs are missing user specification | Provide missing input activity with simulation results or by editing the "By Resource Type -> I/Os" view           |
| Internal nodes activity     | Medium     | User specified less than 25% of internal nodes         | Provide missing internal nodes activity with simulation results or by editing the "By Resource Type" views         |
| Device models               | High       | Device models are Production                           |                                                                                                                    |
|                             |            |                                                        |                                                                                                                    |
| Overall confidence level    | Low        |                                                        |                                                                                                                    |
+-----------------------------+------------+--------------------------------------------------------+--------------------------------------------------------------------------------------------------------------------+


2. Settings
-----------

2.1 Environment
---------------

+-----------------------+--------------------------+
| Ambient Temp (C)      | 25.0                     |
| ThetaJA (C/W)         | 4.6                      |
| Airflow (LFM)         | 250                      |
| Heat Sink             | medium (Medium Profile)  |
| ThetaSA (C/W)         | 4.6                      |
| Board Selection       | medium (10"x10")         |
| # of Board Layers     | 12to15 (12 to 15 Layers) |
| Board Temperature (C) | 25.0                     |
+-----------------------+--------------------------+


2.2 Clock Constraints
---------------------

+-------+--------+-----------------+
| Clock | Domain | Constraint (ns) |
+-------+--------+-----------------+


3. Detailed Reports
-------------------

3.1 By Hierarchy
----------------

+--------------------------+-----------+
| Name                     | Power (W) |
+--------------------------+-----------+
| top_entity               |    14.505 |
|   B_DF_GEN[0].B_DF       |     0.034 |
|   B_DF_GEN[1].B_DF       |     0.037 |
|   B_DF_GEN[2].B_DF       |     0.036 |
|   B_DF_GEN[3].B_DF       |     0.041 |
|   B_DF_GEN[4].B_DF       |     0.036 |
|   B_SYNC_GEN[0].B_SYNC   |     0.006 |
|   B_SYNC_GEN[1].B_SYNC   |     0.005 |
|   B_SYNC_GEN[2].B_SYNC   |     0.006 |
|   B_SYNC_GEN[3].B_SYNC   |     0.006 |
|   B_SYNC_GEN[4].B_SYNC   |     0.006 |
|   COMPONENTE_LUCES       |     0.069 |
|   COMPROBADOR_DE_PALABRA |     0.010 |
|   DFB_SW_1               |     0.023 |
|   DF_SW_1                |     0.029 |
|   DF_SW_2                |     0.039 |
|   FORMADOR_DE_PALABRA    |     0.084 |
|   MAQUINA_ESTADOS        |     0.046 |
|   SW_SYNC_1              |     0.005 |
|   SW_SYNC_2              |     0.008 |
+--------------------------+-----------+


